14:27:05 **** Rebuild of configuration Debug for project exam ****
Info: Internal Builder is used for build
gcc -O0 -g3 -Wall -c -fmessage-length=0 -o "src\\examp_1.o" "..\\src\\examp_1.c" 
..\src\examp_1.c:13:6: warning: return type of 'main' is not 'int' [-Wmain]
 void main()
      ^~~~
g++ -o exam.exe "src\\examp_1.o" 
Info: Nothing to build for exam
14:27:18 **** Incremental Build of configuration Debug for project exam ****
Info: Internal Builder is used for build
gcc -O0 -g3 -Wall -c -fmessage-length=0 -o "src\\examp_1.o" "..\\src\\examp_1.c" 
..\src\examp_1.c:13:6: warning: return type of 'main' is not 'int' [-Wmain]
 void main()
      ^~~~
g++ -o exam.exe "src\\examp_1.o" 
14:27:37 **** Incremental Build of configuration Debug for project exam ****
Info: Internal Builder is used for build
gcc -O0 -g3 -Wall -c -fmessage-length=0 -o "src\\examp_1.o" "..\\src\\examp_1.c" 
g++ -o exam.exe "src\\examp_1.o" 
14:28:12 **** Incremental Build of configuration Debug for project exam ****
Info: Internal Builder is used for build
gcc -O0 -g3 -Wall -c -fmessage-length=0 -o "src\\examp_1.o" "..\\src\\examp_1.c" 
..\src\examp_1.c:13:6: warning: return type of 'main' is not 'int' [-Wmain]
 void main()
      ^~~~
g++ -o exam.exe "src\\examp_1.o" 
14:28:25 **** Incremental Build of configuration Debug for project exam ****
Info: Internal Builder is used for build
gcc -O0 -g3 -Wall -c -fmessage-length=0 -o "src\\examp_1.o" "..\\src\\examp_1.c" 
..\src\examp_1.c:13:6: warning: return type of 'main' is not 'int' [-Wmain]
 void main()
      ^~~~
g++ -o exam.exe "src\\examp_1.o" 
14:28:41 **** Incremental Build of configuration Debug for project exam ****
Info: Internal Builder is used for build
gcc -O0 -g3 -Wall -c -fmessage-length=0 -o "src\\examp_1.o" "..\\src\\examp_1.c" 
..\src\examp_1.c:13:6: warning: return type of 'main' is not 'int' [-Wmain]
 void main()
      ^~~~
..\src\examp_1.c: In function 'main':
..\src\examp_1.c:16:13: error: empty character constant
  char key = '';
             ^~
14:29:00 **** Incremental Build of configuration Debug for project exam ****
Info: Internal Builder is used for build
gcc -O0 -g3 -Wall -c -fmessage-length=0 -o "src\\examp_1.o" "..\\src\\examp_1.c" 
..\src\examp_1.c:13:6: warning: return type of 'main' is not 'int' [-Wmain]
 void main()
      ^~~~
g++ -o exam.exe "src\\examp_1.o" 
14:29:08 **** Incremental Build of configuration Debug for project exam ****
Info: Internal Builder is used for build
gcc -O0 -g3 -Wall -c -fmessage-length=0 -o "src\\examp_1.o" "..\\src\\examp_1.c" 
..\src\examp_1.c:13:6: warning: return type of 'main' is not 'int' [-Wmain]
 void main()
      ^~~~
g++ -o exam.exe "src\\examp_1.o" 
14:29:16 **** Incremental Build of configuration Debug for project exam ****
Info: Internal Builder is used for build
gcc -O0 -g3 -Wall -c -fmessage-length=0 -o "src\\examp_1.o" "..\\src\\examp_1.c" 
..\src\examp_1.c:13:6: warning: return type of 'main' is not 'int' [-Wmain]
 void main()
      ^~~~
g++ -o exam.exe "src\\examp_1.o" 
14:33:06 **** Incremental Build of configuration Debug for project exam ****
Info: Internal Builder is used for build
gcc -O0 -g3 -Wall -c -fmessage-length=0 -o "src\\exam_2.o" "..\\src\\exam_2.c" 
..\src\exam_2.c:15:6: warning: return type of 'main' is not 'int' [-Wmain]
 void main()
      ^~~~
g++ -o exam.exe "src\\exam_2.o" 
14:37:50 **** Incremental Build of configuration Debug for project exam ****
Info: Internal Builder is used for build
gcc -O0 -g3 -Wall -c -fmessage-length=0 -o "src\\exam_3.o" "..\\src\\exam_3.c" 
..\src\exam_3.c:13:6: warning: return type of 'main' is not 'int' [-Wmain]
 void main()
      ^~~~
g++ -o exam.exe "src\\exam_3.o" 
14:41:23 **** Incremental Build of configuration Debug for project exam ****
Info: Internal Builder is used for build
gcc -O0 -g3 -Wall -c -fmessage-length=0 -o "src\\exam_3-2.o" "..\\src\\exam_3-2.c" 
..\src\exam_3-2.c:13:6: warning: return type of 'main' is not 'int' [-Wmain]
 void main()
      ^~~~
g++ -o exam.exe "src\\exam_3-2.o" 
Info: Nothing to build for exam
Info: Nothing to build for exam
Info: Nothing to build for exam
Info: Nothing to build for exam
Info: Nothing to build for exam
14:42:47 **** Incremental Build of configuration Debug for project exam ****
Info: Internal Builder is used for build
gcc -O0 -g3 -Wall -c -fmessage-length=0 -o "src\\exam_3-2.o" "..\\src\\exam_3-2.c" 
..\src\exam_3-2.c:13:6: warning: return type of 'main' is not 'int' [-Wmain]
 void main()
      ^~~~
g++ -o exam.exe "src\\exam_3-2.o" 
Info: Nothing to build for exam
Info: Nothing to build for exam
Info: Nothing to build for exam
14:47:12 **** Incremental Build of configuration Debug for project exam ****
Info: Internal Builder is used for build
gcc -O0 -g3 -Wall -c -fmessage-length=0 -o "src\\exam_3-3.o" "..\\src\\exam_3-3.c" 
..\src\exam_3-3.c:13:6: warning: return type of 'main' is not 'int' [-Wmain]
 void main()
      ^~~~
g++ -o exam.exe "src\\exam_3-3.o" 
14:47:37 **** Incremental Build of configuration Debug for project exam ****
Info: Internal Builder is used for build
gcc -O0 -g3 -Wall -c -fmessage-length=0 -o "src\\exam_3-3.o" "..\\src\\exam_3-3.c" 
..\src\exam_3-3.c:13:6: warning: return type of 'main' is not 'int' [-Wmain]
 void main()
      ^~~~
g++ -o exam.exe "src\\exam_3-3.o" 
Info: Nothing to build for exam
14:48:13 **** Incremental Build of configuration Debug for project exam ****
Info: Internal Builder is used for build
gcc -O0 -g3 -Wall -c -fmessage-length=0 -o "src\\exam_3-3.o" "..\\src\\exam_3-3.c" 
..\src\exam_3-3.c:13:6: warning: return type of 'main' is not 'int' [-Wmain]
 void main()
      ^~~~
g++ -o exam.exe "src\\exam_3-3.o" 
14:59:23 **** Incremental Build of configuration Debug for project exam ****
Info: Internal Builder is used for build
gcc -O0 -g3 -Wall -c -fmessage-length=0 -o "src\\exam4.o" "..\\src\\exam4.c" 
..\src\exam4.c:13:6: warning: return type of 'main' is not 'int' [-Wmain]
 void main()
      ^~~~
g++ -o exam.exe "src\\exam4.o" 
15:12:15 **** Incremental Build of configuration Debug for project exam ****
Info: Internal Builder is used for build
gcc -O0 -g3 -Wall -c -fmessage-length=0 -o "src\\exam_5.o" "..\\src\\exam_5.c" 
..\src\exam_5.c:13:6: warning: return type of 'main' is not 'int' [-Wmain]
 void main()
      ^~~~
g++ -o exam.exe "src\\exam_5.o" 
Info: Nothing to build for exam
15:16:06 **** Incremental Build of configuration Debug for project exam ****
Info: Internal Builder is used for build
gcc -O0 -g3 -Wall -c -fmessage-length=0 -o "src\\exam_6.o" "..\\src\\exam_6.c" 
..\src\exam_6.c:13:6: warning: return type of 'main' is not 'int' [-Wmain]
 void main()
      ^~~~
..\src\exam_6.c: In function 'main':
..\src\exam_6.c:16:7: warning: unused variable 'sum' [-Wunused-variable]
  long sum = 0;
       ^~~
g++ -o exam.exe "src\\exam_6.o" 
15:17:16 **** Incremental Build of configuration Debug for project exam ****
Info: Internal Builder is used for build
gcc -O0 -g3 -Wall -c -fmessage-length=0 -o "src\\exam_6.o" "..\\src\\exam_6.c" 
..\src\exam_6.c:13:6: warning: return type of 'main' is not 'int' [-Wmain]
 void main()
      ^~~~
..\src\exam_6.c: In function 'main':
..\src\exam_6.c:16:7: warning: unused variable 'sum' [-Wunused-variable]
  long sum = 0;
       ^~~
g++ -o exam.exe "src\\exam_6.o" 
15:22:06 **** Incremental Build of configuration Debug for project exam ****
Info: Internal Builder is used for build
gcc -O0 -g3 -Wall -c -fmessage-length=0 -o "src\\exam_7.o" "..\\src\\exam_7.c" 
..\src\exam_7.c:13:6: warning: return type of 'main' is not 'int' [-Wmain]
 void main()
      ^~~~
..\src\exam_7.c: In function 'main':
..\src\exam_7.c:17:6: warning: unused variable 'MInteger' [-Wunused-variable]
  int MInteger;
      ^~~~~~~~
g++ -o exam.exe "src\\exam_7.o" 
15:26:55 **** Incremental Build of configuration Debug for project exam ****
Info: Internal Builder is used for build
gcc -O0 -g3 -Wall -c -fmessage-length=0 -o "src\\exam_8.o" "..\\src\\exam_8.c" 
..\src\exam_8.c:31:6: warning: return type of 'main' is not 'int' [-Wmain]
 void main()
      ^~~~
..\src\exam_8.c: In function 'main':
..\src\exam_8.c:41:15: warning: passing argument 1 of 'gcd' makes integer from pointer without a cast [-Wint-conversion]
  result = gcd(&num1, &num2);
               ^
..\src\exam_8.c:15:5: note: expected 'int' but argument is of type 'int *'
 int gcd(int x, int y)
     ^~~
..\src\exam_8.c:41:22: warning: passing argument 2 of 'gcd' makes integer from pointer without a cast [-Wint-conversion]
  result = gcd(&num1, &num2);
                      ^
..\src\exam_8.c:15:5: note: expected 'int' but argument is of type 'int *'
 int gcd(int x, int y)
     ^~~
g++ -o exam.exe "src\\exam_8.o" 
15:27:55 **** Incremental Build of configuration Debug for project exam ****
Info: Internal Builder is used for build
gcc -O0 -g3 -Wall -c -fmessage-length=0 -o "src\\exam_8.o" "..\\src\\exam_8.c" 
..\src\exam_8.c:31:6: warning: return type of 'main' is not 'int' [-Wmain]
 void main()
      ^~~~
g++ -o exam.exe "src\\exam_8.o" 
16:08:19 **** Incremental Build of configuration Debug for project exam ****
Info: Internal Builder is used for build
gcc -O0 -g3 -Wall -c -fmessage-length=0 -o "src\\problem1.o" "..\\src\\problem1.c" 
g++ -o exam.exe "src\\problem1.o" 
c:/mingw/bin/../lib/gcc/mingw32/6.3.0/../../../libmingw32.a(main.o):(.text.startup+0xa0): undefined reference to `WinMain@16'
collect2.exe: error: ld returned 1 exit status
16:08:30 **** Incremental Build of configuration Debug for project study ****
Info: Internal Builder is used for build
gcc -O0 -g3 -Wall -c -fmessage-length=0 -o "src\\queue5-3.o" "..\\src\\queue5-3.c" 
..\src\queue5-3.c: In function 'Put5_2':
..\src\queue5-3.c:30:7: warning: operation on 'Rear' may be undefined [-Wsequence-point]
  Rear = (Rear++) % MAX;
       ^
..\src\queue5-3.c: In function 'Get5_2':
..\src\queue5-3.c:40:9: warning: operation on 'Front' may be undefined [-Wsequence-point]
   Front = (Front++) % MAX;
         ^
gcc -O0 -g3 -Wall -c -fmessage-length=0 -o "src\\queue4_10.o" "..\\src\\queue4_10.c" 
..\src\queue4_10.c: In function 'Put4_10':
..\src\queue4_10.c:35:7: warning: operation on 'Rear' may be undefined [-Wsequence-point]
  Rear = (Rear++)%MAX;
       ^
..\src\queue4_10.c: In function 'Get4_10':
..\src\queue4_10.c:46:9: warning: operation on 'Front' may be undefined [-Wsequence-point]
   Front = (Front++)%MAX;
         ^
gcc -O0 -g3 -Wall -c -fmessage-length=0 -o "src\\avr_tree5-4.o" "..\\src\\avr_tree5-4.c" 
..\src\avr_tree5-4.c:193:6: warning: return type of 'main' is not 'int' [-Wmain]
 void main(void)
      ^~~~
..\src\avr_tree5-4.c: In function 'main':
..\src\avr_tree5-4.c:198:2: warning: implicit declaration of function 'InsertNode' [-Wimplicit-function-declaration]
  InsertNode(10);
  ^~~~~~~~~~
gcc -O0 -g3 -Wall -c -fmessage-length=0 -o "src\\stack4-4.o" "..\\src\\stack4-4.c" 
..\src\stack4-4.c: In function 'Push4_4':
..\src\stack4-4.c:27:6: warning: operation on 'Top' may be undefined [-Wsequence-point]
  Top = (Top++)%MAX;
      ^
g++ -o study.exe "src\\avr_tree5-4.o" "src\\queue4_10.o" "src\\queue5-3.o" "src\\stack4-4.o" 
src\avr_tree5-4.o: In function `main':
C:\Users\CANDH\Desktop\알고리즘 공부\study\Debug/../src/avr_tree5-4.c:198: undefined reference to `InsertNode'
C:\Users\CANDH\Desktop\알고리즘 공부\study\Debug/../src/avr_tree5-4.c:199: undefined reference to `InsertNode'
C:\Users\CANDH\Desktop\알고리즘 공부\study\Debug/../src/avr_tree5-4.c:203: undefined reference to `InsertNode'
collect2.exe: error: ld returned 1 exit status
16:08:53 **** Incremental Build of configuration Debug for project study ****
Info: Internal Builder is used for build
gcc -O0 -g3 -Wall -c -fmessage-length=0 -o "src\\avr_tree5-4.o" "..\\src\\avr_tree5-4.c" 
..\src\avr_tree5-4.c:193:6: warning: return type of 'main' is not 'int' [-Wmain]
 void main(void)
      ^~~~
g++ -o study.exe "src\\avr_tree5-4.o" "src\\queue4_10.o" "src\\queue5-3.o" "src\\stack4-4.o" 
10:03:22 **** Incremental Build of configuration Debug for project study ****
Info: Internal Builder is used for build
gcc -O0 -g3 -Wall -c -fmessage-length=0 -o "src\\queue5-3.o" "..\\src\\queue5-3.c" 
..\src\queue5-3.c: In function 'Put5_2':
..\src\queue5-3.c:30:7: warning: operation on 'Rear' may be undefined [-Wsequence-point]
  Rear = (Rear++) % MAX;
       ^
..\src\queue5-3.c: In function 'Get5_2':
..\src\queue5-3.c:40:9: warning: operation on 'Front' may be undefined [-Wsequence-point]
   Front = (Front++) % MAX;
         ^
gcc -O0 -g3 -Wall -c -fmessage-length=0 -o "src\\queue4_10.o" "..\\src\\queue4_10.c" 
..\src\queue4_10.c: In function 'Put4_10':
..\src\queue4_10.c:35:7: warning: operation on 'Rear' may be undefined [-Wsequence-point]
  Rear = (Rear++)%MAX;
       ^
..\src\queue4_10.c: In function 'Get4_10':
..\src\queue4_10.c:46:9: warning: operation on 'Front' may be undefined [-Wsequence-point]
   Front = (Front++)%MAX;
         ^
gcc -O0 -g3 -Wall -c -fmessage-length=0 -o "src\\stack4-4.o" "..\\src\\stack4-4.c" 
..\src\stack4-4.c: In function 'Push4_4':
..\src\stack4-4.c:27:6: warning: operation on 'Top' may be undefined [-Wsequence-point]
  Top = (Top++)%MAX;
      ^
g++ -o study.exe "src\\queue4_10.o" "src\\queue5-3.o" "src\\stack4-4.o" 
c:/mingw/bin/../lib/gcc/mingw32/6.3.0/../../../libmingw32.a(main.o):(.text.startup+0xa0): undefined reference to `WinMain@16'
collect2.exe: error: ld returned 1 exit status
10:03:37 **** Incremental Build of configuration Debug for project exam ****
Info: Internal Builder is used for build
gcc -O0 -g3 -Wall -c -fmessage-length=0 -o "src\\problem1.o" "..\\src\\problem1.c" 
..\src\problem1.c: In function 'input_data':
..\src\problem1.c:27:2: warning: implicit declaration of function 'fsacnf' [-Wimplicit-function-declaration]
  fsacnf(inf, "%d\n", &N);
  ^~~~~~
..\src\problem1.c: In function 'solve':
..\src\problem1.c:50:2: warning: implicit declaration of function 'initalize_S' [-Wimplicit-function-declaration]
  initalize_S();
  ^~~~~~~~~~~
..\src\problem1.c: At top level:
..\src\problem1.c:75:6: warning: return type of 'main' is not 'int' [-Wmain]
 void main()
      ^~~~
g++ -o exam.exe "src\\problem1.o" 
src\problem1.o: In function `input_data':
C:\Users\CANDH\Desktop\알고리즘 공부\exam\Debug/../src/problem1.c:27: undefined reference to `fsacnf'
src\problem1.o: In function `solve':
C:\Users\CANDH\Desktop\알고리즘 공부\exam\Debug/../src/problem1.c:50: undefined reference to `initalize_S'
collect2.exe: error: ld returned 1 exit status
10:04:02 **** Incremental Build of configuration Debug for project exam ****
Info: Internal Builder is used for build
gcc -O0 -g3 -Wall -c -fmessage-length=0 -o "src\\problem1.o" "..\\src\\problem1.c" 
..\src\problem1.c:75:6: warning: return type of 'main' is not 'int' [-Wmain]
 void main()
      ^~~~
g++ -o exam.exe "src\\problem1.o" 
Info: Nothing to build for exam
12:53:42 **** Incremental Build of configuration Debug for project sort ****
Info: Internal Builder is used for build
gcc -O0 -g3 -Wall -c -fmessage-length=0 -o "src\\binary_search_short8-1.o" "..\\src\\binary_search_short8-1.c" 
..\src\binary_search_short8-1.c: In function 'MakeRandomNumber8_1':
..\src\binary_search_short8-1.c:36:3: warning: this 'if' clause does not guard... [-Wmisleading-indentation]
   if(!IsNumberExit8_1(Num, i));
   ^~
..\src\binary_search_short8-1.c:37:3: note: ...this statement, but the latter is misleadingly indented as if it is guarded by the 'if'
   {
   ^
..\src\binary_search_short8-1.c: At top level:
..\src\binary_search_short8-1.c:131:6: warning: return type of 'main' is not 'int' [-Wmain]
 void main()
      ^~~~
g++ -o sort.exe "src\\binary_search_short8-1.o" 
12:57:57 **** Incremental Build of configuration Debug for project sort ****
Info: Internal Builder is used for build
gcc -O0 -g3 -Wall -c -fmessage-length=0 -o "src\\binary_search_short8-1.o" "..\\src\\binary_search_short8-1.c" 
..\src\binary_search_short8-1.c: In function 'MakeRandomNumber8_1':
..\src\binary_search_short8-1.c:36:3: warning: this 'if' clause does not guard... [-Wmisleading-indentation]
   if(!IsNumberExit8_1(Num, i));
   ^~
..\src\binary_search_short8-1.c:37:3: note: ...this statement, but the latter is misleadingly indented as if it is guarded by the 'if'
   {
   ^
..\src\binary_search_short8-1.c: In function 'QuickSort8_1':
..\src\binary_search_short8-1.c:55:4: warning: this 'while' clause does not guard... [-Wmisleading-indentation]
    while(data[++i] < num);
    ^~~~~
..\src\binary_search_short8-1.c:57:5: note: ...this statement, but the latter is misleadingly indented as if it is guarded by the 'while'
     while(data[--j] > num);
     ^~~~~
..\src\binary_search_short8-1.c:57:5: warning: this 'while' clause does not guard... [-Wmisleading-indentation]
..\src\binary_search_short8-1.c:59:6: note: ...this statement, but the latter is misleadingly indented as if it is guarded by the 'while'
      if(i >= j)
      ^~
..\src\binary_search_short8-1.c: At top level:
..\src\binary_search_short8-1.c:131:6: warning: return type of 'main' is not 'int' [-Wmain]
 void main()
      ^~~~
g++ -o sort.exe "src\\binary_search_short8-1.o" 
16:17:13 **** Incremental Build of configuration Debug for project sort ****
Info: Internal Builder is used for build
gcc -O0 -g3 -Wall -c -fmessage-length=0 -o "src\\binary_search_short8-1.o" "..\\src\\binary_search_short8-1.c" 
..\src\binary_search_short8-1.c: In function 'MakeRandomNumber8_1':
..\src\binary_search_short8-1.c:26:7: error: too few arguments to function 'IsNumberExit8_1'
   if(!IsNumberExit8_1())
       ^~~~~~~~~~~~~~~
..\src\binary_search_short8-1.c:12:5: note: declared here
 int IsNumberExit8_1(int, int);
     ^~~~~~~~~~~~~~~
..\src\binary_search_short8-1.c: At top level:
..\src\binary_search_short8-1.c:124:6: warning: return type of 'main' is not 'int' [-Wmain]
 void main()
      ^~~~
16:17:19 **** Incremental Build of configuration Debug for project sort ****
Info: Internal Builder is used for build
gcc -O0 -g3 -Wall -c -fmessage-length=0 -o "src\\binary_search_short8-1.o" "..\\src\\binary_search_short8-1.c" 
..\src\binary_search_short8-1.c: In function 'MakeRandomNumber8_1':
..\src\binary_search_short8-1.c:26:7: error: too few arguments to function 'IsNumberExit8_1'
   if(!IsNumberExit8_1())
       ^~~~~~~~~~~~~~~
..\src\binary_search_short8-1.c:12:5: note: declared here
 int IsNumberExit8_1(int, int);
     ^~~~~~~~~~~~~~~
..\src\binary_search_short8-1.c: At top level:
..\src\binary_search_short8-1.c:124:6: warning: return type of 'main' is not 'int' [-Wmain]
 void main()
      ^~~~
16:17:20 **** Incremental Build of configuration Debug for project sort ****
Info: Internal Builder is used for build
gcc -O0 -g3 -Wall -c -fmessage-length=0 -o "src\\binary_search_short8-1.o" "..\\src\\binary_search_short8-1.c" 
..\src\binary_search_short8-1.c: In function 'MakeRandomNumber8_1':
..\src\binary_search_short8-1.c:26:7: error: too few arguments to function 'IsNumberExit8_1'
   if(!IsNumberExit8_1())
       ^~~~~~~~~~~~~~~
..\src\binary_search_short8-1.c:12:5: note: declared here
 int IsNumberExit8_1(int, int);
     ^~~~~~~~~~~~~~~
..\src\binary_search_short8-1.c: At top level:
..\src\binary_search_short8-1.c:124:6: warning: return type of 'main' is not 'int' [-Wmain]
 void main()
      ^~~~
16:17:53 **** Incremental Build of configuration Debug for project sort ****
Info: Internal Builder is used for build
gcc -O0 -g3 -Wall -c -fmessage-length=0 -o "src\\binary_search_short8-1.o" "..\\src\\binary_search_short8-1.c" 
..\src\binary_search_short8-1.c:124:6: warning: return type of 'main' is not 'int' [-Wmain]
 void main()
      ^~~~
g++ -o sort.exe "src\\binary_search_short8-1.o" 
Info: Nothing to build for sort
16:19:37 **** Incremental Build of configuration Debug for project sort ****
Info: Internal Builder is used for build
gcc -O0 -g3 -Wall -c -fmessage-length=0 -o "src\\binary_search_short8-1.o" "..\\src\\binary_search_short8-1.c" 
..\src\binary_search_short8-1.c:124:6: warning: return type of 'main' is not 'int' [-Wmain]
 void main()
      ^~~~
g++ -o sort.exe "src\\binary_search_short8-1.o" 
Info: Nothing to build for sort
16:20:08 **** Incremental Build of configuration Debug for project sort ****
Info: Internal Builder is used for build
gcc -O0 -g3 -Wall -c -fmessage-length=0 -o "src\\binary_search_short8-2.o" "..\\src\\binary_search_short8-2.c" 
..\src\binary_search_short8-2.c: In function 'MakeRandomNumber8_2':
..\src\binary_search_short8-2.c:36:7: warning: implicit declaration of function 'IsNumberExit8_1' [-Wimplicit-function-declaration]
   if(!IsNumberExit8_1(Num, i));
       ^~~~~~~~~~~~~~~
..\src\binary_search_short8-2.c:36:3: warning: this 'if' clause does not guard... [-Wmisleading-indentation]
   if(!IsNumberExit8_1(Num, i));
   ^~
..\src\binary_search_short8-2.c:37:3: note: ...this statement, but the latter is misleadingly indented as if it is guarded by the 'if'
   {
   ^
..\src\binary_search_short8-2.c: In function 'QuickSort8_2':
..\src\binary_search_short8-2.c:55:4: warning: this 'while' clause does not guard... [-Wmisleading-indentation]
    while(data[++i] < num);
    ^~~~~
..\src\binary_search_short8-2.c:56:5: note: ...this statement, but the latter is misleadingly indented as if it is guarded by the 'while'
     while(data[--j] > num);
     ^~~~~
..\src\binary_search_short8-2.c:56:5: warning: this 'while' clause does not guard... [-Wmisleading-indentation]
..\src\binary_search_short8-2.c:57:6: note: ...this statement, but the latter is misleadingly indented as if it is guarded by the 'while'
      if(i >= j)
      ^~
..\src\binary_search_short8-2.c:67:3: warning: implicit declaration of function 'QuickSort8_1' [-Wimplicit-function-declaration]
   QuickSort8_1(data, left, i-1);
   ^~~~~~~~~~~~
..\src\binary_search_short8-2.c: At top level:
..\src\binary_search_short8-2.c:127:6: warning: return type of 'main' is not 'int' [-Wmain]
 void main()
      ^~~~
g++ -o sort.exe "src\\binary_search_short8-2.o" 
src\binary_search_short8-2.o: In function `MakeRandomNumber8_2':
C:\Users\CANDH\Desktop\알고리즘 공부\sort\Debug/../src/binary_search_short8-2.c:36: undefined reference to `IsNumberExit8_1'
src\binary_search_short8-2.o: In function `QuickSort8_2':
C:\Users\CANDH\Desktop\알고리즘 공부\sort\Debug/../src/binary_search_short8-2.c:67: undefined reference to `QuickSort8_1'
C:\Users\CANDH\Desktop\알고리즘 공부\sort\Debug/../src/binary_search_short8-2.c:68: undefined reference to `QuickSort8_1'
collect2.exe: error: ld returned 1 exit status
16:20:26 **** Incremental Build of configuration Debug for project sort ****
Info: Internal Builder is used for build
gcc -O0 -g3 -Wall -c -fmessage-length=0 -o "src\\binary_search_short8-2.o" "..\\src\\binary_search_short8-2.c" 
..\src\binary_search_short8-2.c: In function 'MakeRandomNumber8_2':
..\src\binary_search_short8-2.c:36:3: warning: this 'if' clause does not guard... [-Wmisleading-indentation]
   if(!IsNumberExit8_2(Num, i));
   ^~
..\src\binary_search_short8-2.c:37:3: note: ...this statement, but the latter is misleadingly indented as if it is guarded by the 'if'
   {
   ^
..\src\binary_search_short8-2.c: In function 'QuickSort8_2':
..\src\binary_search_short8-2.c:55:4: warning: this 'while' clause does not guard... [-Wmisleading-indentation]
    while(data[++i] < num);
    ^~~~~
..\src\binary_search_short8-2.c:56:5: note: ...this statement, but the latter is misleadingly indented as if it is guarded by the 'while'
     while(data[--j] > num);
     ^~~~~
..\src\binary_search_short8-2.c:56:5: warning: this 'while' clause does not guard... [-Wmisleading-indentation]
..\src\binary_search_short8-2.c:57:6: note: ...this statement, but the latter is misleadingly indented as if it is guarded by the 'while'
      if(i >= j)
      ^~
..\src\binary_search_short8-2.c: At top level:
..\src\binary_search_short8-2.c:127:6: warning: return type of 'main' is not 'int' [-Wmain]
 void main()
      ^~~~
g++ -o sort.exe "src\\binary_search_short8-2.o" 
16:51:28 **** Incremental Build of configuration Debug for project sort ****
Info: Internal Builder is used for build
gcc -O0 -g3 -Wall -c -fmessage-length=0 -o "src\\binary_search_short8-3.o" "..\\src\\binary_search_short8-3.c" 
..\src\binary_search_short8-3.c: In function 'QuickSort8_3':
..\src\binary_search_short8-3.c:69:3: warning: implicit declaration of function 'fir' [-Wimplicit-function-declaration]
   fir(; ;)
   ^~~
..\src\binary_search_short8-3.c:69:7: error: expected expression before ';' token
   fir(; ;)
       ^
..\src\binary_search_short8-3.c:70:3: error: expected ';' before '{' token
   {
   ^
..\src\binary_search_short8-3.c:61:14: warning: variable 'j' set but not used [-Wunused-but-set-variable]
  int num, i, j, temp;
              ^
..\src\binary_search_short8-3.c:61:6: warning: variable 'num' set but not used [-Wunused-but-set-variable]
  int num, i, j, temp;
      ^~~
..\src\binary_search_short8-3.c: At top level:
..\src\binary_search_short8-3.c:222:6: warning: return type of 'main' is not 'int' [-Wmain]
 void main()
      ^~~~
..\src\binary_search_short8-3.c: In function 'main':
..\src\binary_search_short8-3.c:224:9: warning: unused variable 'ret' [-Wunused-variable]
  int i, ret;
         ^~~
16:52:20 **** Incremental Build of configuration Debug for project sort ****
Info: Internal Builder is used for build
gcc -O0 -g3 -Wall -c -fmessage-length=0 -o "src\\binary_search_short8-3.o" "..\\src\\binary_search_short8-3.c" 
..\src\binary_search_short8-3.c:222:6: warning: return type of 'main' is not 'int' [-Wmain]
 void main()
      ^~~~
..\src\binary_search_short8-3.c: In function 'main':
..\src\binary_search_short8-3.c:224:9: warning: unused variable 'ret' [-Wunused-variable]
  int i, ret;
         ^~~
g++ -o sort.exe "src\\binary_search_short8-3.o" 
17:13:03 **** Incremental Build of configuration Debug for project sort ****
Info: Internal Builder is used for build
gcc -O0 -g3 -Wall -c -fmessage-length=0 -o "src\\hash_short9-1.o" "..\\src\\hash_short9-1.c" 
..\src\hash_short9-1.c:21:6: warning: return type of 'main' is not 'int' [-Wmain]
 void main()
      ^~~~
g++ -o sort.exe "src\\hash_short9-1.o" 
17:13:16 **** Incremental Build of configuration Debug for project sort ****
Info: Internal Builder is used for build
gcc -O0 -g3 -Wall -c -fmessage-length=0 -o "src\\hash_short9-1.o" "..\\src\\hash_short9-1.c" 
..\src\hash_short9-1.c:21:6: warning: return type of 'main' is not 'int' [-Wmain]
 void main()
      ^~~~
g++ -o sort.exe "src\\hash_short9-1.o" 
17:17:30 **** Incremental Build of configuration Debug for project sort ****
Info: Internal Builder is used for build
gcc -O0 -g3 -Wall -c -fmessage-length=0 -o "src\\hash_short9-2.o" "..\\src\\hash_short9-2.c" 
..\src\hash_short9-2.c:21:6: warning: return type of 'main' is not 'int' [-Wmain]
 void main()
      ^~~~
g++ -o sort.exe "src\\hash_short9-2.o" 
17:31:08 **** Incremental Build of configuration Debug for project sort ****
Info: Internal Builder is used for build
gcc -O0 -g3 -Wall -c -fmessage-length=0 -o "src\\hash_shotr9-3.o" "..\\src\\hash_shotr9-3.c" 
..\src\hash_shotr9-3.c:118:6: warning: return type of 'main' is not 'int' [-Wmain]
 void main()
      ^~~~
g++ -o sort.exe "src\\hash_shotr9-3.o" 
